20220909	03:32:06	3f0a478e-6eb2-40ea-9244-67c0cbdf74ec	OPTIONS	/	https://www.google.com
20220909	03:32:06	5da312da-fe29-41e5-a293-4643d0e391e0	GET	/	https://www.google.com
20220909	04:56:21	6c5e0ea6-faa3-429c-a8be-6071c95ab73d	GET	/api/users	undefined
20220909	04:59:00	e2012a77-8608-4e0e-9d93-a1c8a835c0db	GET	/api/users	undefined
20220909	05:02:04	a30c9292-5d80-4081-aa6d-18c907e0087c	GET	/api/users	undefined
20220909	05:02:06	91eca6ec-bee9-4be3-a21f-1a7910d58aaf	GET	/api/users	undefined
20220909	05:02:08	094a99de-c1c0-458a-851e-954a0c1397cf	GET	/api/users	undefined
20220909	05:02:09	015d9f8d-bdd2-4756-85c5-b1e0b2ab1e1c	GET	/api/users	undefined
20220909	05:02:57	ba097925-ac40-40e8-9588-037e36eb8d86	POST	/api/users	undefined
20220909	05:02:58	fda84ab7-5b9d-44a4-af88-78b8d8822582	POST	/api/users	undefined
20220909	05:03:01	b66dae14-8dd0-441b-9389-288391ec15fa	POST	/api/users	undefined
20220909	05:03:02	8413f496-83b0-434c-a630-d11116d80d1a	POST	/api/users	undefined
20220909	05:03:04	a50dc094-dc29-4158-9a13-a9ca0623b601	POST	/api/users	undefined
20220909	05:04:18	4add3b86-9f4b-4ffb-9254-e39352ee6483	POST	/api/users	undefined
20220909	05:04:19	65cc7132-c023-4054-aea3-2b8897c78a5f	POST	/api/users	undefined
20220909	05:05:48	ce609229-3e30-4bb3-b8cd-4920184c79b0	POST	/api/users	undefined
20220909	05:05:58	aab7524e-1427-49a0-ba41-f8476acbcd6a	POST	/api/users	undefined
20220909	05:06:15	75042a6e-ee60-4357-af21-9a388a3948c2	POST	/api/users	undefined
20220909	05:14:49	8b0b2786-5375-4e13-a5be-c314867ecb71	POST	/api/users	undefined
20220909	05:14:51	5027283d-b9ea-494a-a0e1-fa476e38b635	POST	/api/users	undefined
20220909	05:18:25	a481a46c-bbc1-4815-b3d4-2322e2a32d8a	POST	/api/users	undefined
20220909	05:18:35	c3bbb862-a35b-4291-afeb-4ccf5c64ea11	GET	/api/users	undefined
20220909	05:19:02	57c7a79b-ba96-46a9-b664-422ab20f8f41	GET	/api/users	undefined
20220909	05:19:08	e0c0baec-36cd-4a56-a6b3-a146bfc77505	POST	/api/users	undefined
20220909	05:19:10	9ff6778b-de39-4307-a97e-1b12e69fc3d7	POST	/api/users	undefined
20220909	05:19:14	61c532fb-b4e2-400b-b7b3-b990d367432e	POST	/api/users	undefined
20220909	05:19:21	f4708302-d2e4-4025-9170-82453bbc7aca	POST	/api/users	undefined
20220909	05:19:28	0ded6ea2-0580-4479-bffe-3896a41acbb4	POST	/api/users	undefined
20220909	05:19:33	648c6edf-614b-4a3a-81e6-afbe4232c04e	POST	/api/users	undefined
20220909	05:19:40	36ea039d-7d9b-447f-ba01-f9e1e5060b34	POST	/api/users	undefined
20220909	05:19:45	aac89096-ce2d-4669-a5d5-fc10392fa667	GET	/api/users	undefined
20220909	05:23:38	6fb20670-d261-4002-a8c4-39ba82d7e295	DELETE	/api/users	undefined
20220909	05:23:58	fe34fc33-b032-45fb-aab1-987595601c35	DELETE	/api/users	undefined
20220909	05:24:28	a2879df2-720e-4c98-a2df-b0de07c68a3e	DELETE	/api/users	undefined
20220909	05:24:46	e3cf9785-0a77-4134-8f99-386aef610216	DELETE	/api/users	undefined
20220909	05:24:51	9c8c9a52-6f5d-4678-9cf5-a64c5cb91580	GET	/api/users	undefined
20220909	05:25:01	fe40f9e6-2e2c-427a-aadf-f2117994bff2	DELETE	/api/users	undefined
20220909	05:25:41	1db84b22-7ff3-4d83-9f5a-a65a0becba7e	GET	/api/users	undefined
20220909	05:28:58	9ee42ec2-e3b7-42cc-b4bc-868df487cfa8	DELETE	/api/users	undefined
20220909	05:29:30	f249d45d-3d17-41d4-a663-de865931eba3	GET	/api/users	undefined
20220909	05:29:44	ab60395a-d8e2-42b7-a2fe-2f0c97f53d10	GET	/api/users	undefined
20220909	05:29:48	81acfd6a-1e41-42fe-9806-94bd762a4b05	GET	/api/users	undefined
20220909	05:29:50	24ef22bc-cfb2-4fc9-8888-00a3848118dc	GET	/api/users	undefined
20220909	05:29:54	d3cdfb0a-9eeb-4ebc-8a4c-3dbca82a7101	GET	/api/users	undefined
20220909	05:30:11	80a728c2-d45b-4b6d-85ab-c49297412395	GET	/api/users	undefined
20220909	05:30:18	c92ed141-caca-4912-b7e3-d0d1bda7cd90	POST	/api/users	undefined
20220909	05:30:23	13b172a1-fbc9-48d9-97db-fd20ee0bc809	POST	/api/users	undefined
20220909	05:30:27	8b51839e-7267-4885-8052-42d256eed472	POST	/api/users	undefined
20220909	05:30:30	4c427607-433e-4a6e-a811-b4276d8a616a	POST	/api/users	undefined
20220909	05:30:38	6aba896c-120b-48bc-9cab-dd9ba25681e4	POST	/api/users	undefined
20220909	05:30:42	c1155a21-faa2-4a6d-ba95-21979ae1046a	POST	/api/users	undefined
20220910	01:38:21	3e544448-6a46-49a0-a860-bd6c62979895	POST	/api/users	undefined
20220910	01:39:25	62f25d07-2ba5-4f18-b7fc-093779851b78	POST	/api/users	undefined
20220910	01:40:45	b3e248c8-d41c-493c-b958-0904188da2d2	POST	/api/users	undefined
20220910	01:42:29	f8a1612d-906e-48f9-ba36-6267d03faeb9	POST	/api/users	undefined
20220910	01:45:48	a96f98c8-fa74-4bb2-b590-db6a5c34a1b7	POST	/api/users	undefined
20220910	01:47:05	a1fc8ee9-891d-4755-a734-8a9600d08f4f	POST	/api/users	undefined
20220910	01:47:37	31595b66-897d-40d9-a9ff-eb82c06b7e96	POST	/api/users	undefined
20220910	01:48:25	fbd81dad-966e-45ba-88c5-21ab0cda978e	OPTIONS	/users	http://localhost:3000
20220910	01:48:25	f1565a5a-ccd6-40f7-9b95-1ea54a0bc909	POST	/users	http://localhost:3000
20220910	01:48:25	caa0897e-1872-4658-b6c1-d1557b3cd55b	POST	/users	http://localhost:3000
20220910	01:48:25	b3bf3850-5828-4163-aac2-cb1215a92dd4	POST	/users	http://localhost:3000
20220910	01:48:25	bcca20dc-d56e-4351-9495-1e0c0e76a464	POST	/users	http://localhost:3000
20220910	01:48:25	435c6d07-7e57-43e0-9ded-3cc3112d375b	POST	/users	http://localhost:3000
20220910	01:48:25	dbf4b4c2-915a-420f-b19c-eef29de9bc23	POST	/users	http://localhost:3000
20220910	01:48:25	3a9ed154-db48-4741-a1b9-30aeef875f9f	POST	/users	http://localhost:3000
20220910	01:49:15	c057100a-0bec-4605-8e86-6c6e67a12345	GET	/users	undefined
20220910	01:49:15	47a81683-730d-4237-9ee5-3f9e8aae7416	GET	/css/error.css	undefined
20220910	01:49:16	fb0eba52-3b1d-4750-9102-98e4018d9aef	GET	/favicon.ico	undefined
20220910	01:51:02	617b0235-0d84-4e1d-a560-5155e2ffd6ea	OPTIONS	/api/users	http://localhost:3000
20220910	01:51:02	5d68dd5c-e350-408a-adde-9c08bc9c9be8	POST	/api/users	http://localhost:3000
20220910	01:51:02	41e4bcce-cdac-4d80-81c5-b24a2bb6cddd	POST	/api/users	http://localhost:3000
20220910	01:51:02	6df2848a-efcc-436c-bb6b-9b06b578ac61	POST	/api/users	http://localhost:3000
20220910	01:51:02	ae346820-ef58-4447-8e6e-5716770ea82c	POST	/api/users	http://localhost:3000
20220910	01:51:02	d23cd4a6-1e36-4a83-a5ea-3bfc1756de9a	POST	/api/users	http://localhost:3000
20220910	01:51:02	40724e8b-5577-4786-b59d-4afb2dca6030	POST	/api/users	http://localhost:3000
20220910	01:51:02	15782957-d2ee-4630-bcfb-5702547dc5bb	POST	/api/users	http://localhost:3000
20220910	01:57:49	ce48bc84-521b-4384-a146-982427edd82c	OPTIONS	/api/users	http://localhost:3000
20220910	01:57:49	1f838f24-2303-4a56-b563-1fa853ca40a0	OPTIONS	/api/users	http://localhost:3000
20220910	01:57:49	ffd63994-7fd1-4b93-9f40-a8e20b1dd133	OPTIONS	/api/users	http://localhost:3000
20220910	01:57:49	fc3a3a76-ed9b-4e37-baf6-a94da029d286	OPTIONS	/api/users	http://localhost:3000
20220910	01:57:49	cc33c418-994e-466e-96a9-0a37442f6adc	OPTIONS	/api/users	http://localhost:3000
20220910	01:57:49	8bfc3a6b-379e-4370-bff4-493cc290686b	OPTIONS	/api/users	http://localhost:3000
20220910	01:57:49	1812bfe9-c7d5-46de-b817-9cb40f8b1edd	POST	/api/users	http://localhost:3000
20220910	01:57:49	13306865-8937-4f15-b8c8-c2c5c52fe7f1	POST	/api/users	http://localhost:3000
20220910	01:57:49	2c884449-7087-4e18-a7fe-8bce5bdaa38d	POST	/api/users	http://localhost:3000
20220910	01:57:49	fda50bfa-0cc4-430d-92de-2ea4f21d8559	POST	/api/users	http://localhost:3000
20220910	01:57:49	05157165-a610-425d-b906-cd2634978773	POST	/api/users	http://localhost:3000
20220910	01:57:49	3af1ead6-c433-47c4-85ec-a4f7d51a9d15	POST	/api/users	http://localhost:3000
20220910	01:57:49	18dcbce3-99f8-4854-95b0-dba0c3e12501	POST	/api/users	http://localhost:3000
20220910	01:57:49	bbdd3174-5b26-43da-8781-587d251eb50b	POST	/api/users	http://localhost:3000
20220910	02:00:33	87e18351-8f08-43ed-92f9-c05a639621c0	OPTIONS	/api/users	http://localhost:3000
20220910	02:00:33	d85f5455-a04e-4a8b-afb7-070bd075dd05	POST	/api/users	http://localhost:3000
20220910	02:00:33	eec1f92a-fe79-402b-8b78-3a4d6513f495	POST	/api/users	http://localhost:3000
20220910	02:00:33	c8cf9b2b-3254-4eec-b96e-4297c9bde79d	POST	/api/users	http://localhost:3000
20220910	02:00:33	19c057ae-af35-40ab-a3cd-4a74ae497c8b	POST	/api/users	http://localhost:3000
20220910	02:00:33	cdec0bdb-adba-49a0-a8c8-e342c88e715d	POST	/api/users	http://localhost:3000
20220910	02:00:33	e2ecb2bb-29e3-4aad-a226-c3b7e58af221	POST	/api/users	http://localhost:3000
20220910	02:00:33	654b44b5-9d37-4818-a9a5-ae20dfec668a	POST	/api/users	http://localhost:3000
20220910	02:00:33	8d9436bb-0f5b-4492-94bc-317e8fea5361	POST	/api/users	http://localhost:3000
20220910	02:04:08	0dd52604-9288-4d82-8f53-46f8678f4b70	OPTIONS	/api/users	http://localhost:3000
20220910	02:04:08	61b27675-2e55-42ea-a54a-f5b62d66677f	POST	/api/users	http://localhost:3000
20220910	02:04:08	daf9c2dd-f6fe-4eca-b2ea-2b6f4ada462c	POST	/api/users	http://localhost:3000
20220910	02:04:08	c3280a5a-c90a-4c30-a029-ddb20d9a9039	POST	/api/users	http://localhost:3000
20220910	02:04:08	8162602b-f83e-448e-9529-7d2fc6e34b5a	POST	/api/users	http://localhost:3000
20220910	02:04:08	ce793e88-d126-4db0-9fdc-d545446879d3	POST	/api/users	http://localhost:3000
20220910	02:04:08	65aa107c-228b-4688-b5ca-40bce7411bce	POST	/api/users	http://localhost:3000
20220910	02:04:09	d8288873-b479-4848-a72e-08a09cd9887e	POST	/api/users	http://localhost:3000
20220910	02:04:09	fe622d53-eedd-4aa9-8be4-be855bd75af4	POST	/api/users	http://localhost:3000
20220910	02:04:52	aa4d6277-738e-48a6-9464-87d949301cb0	OPTIONS	/api/users	http://localhost:3000
20220910	02:04:52	b96ce0ac-0efc-42a7-8cf5-de58046c1c8e	POST	/api/users	http://localhost:3000
20220910	02:04:52	6136b695-1cbf-421d-bf8d-a3e23e394331	POST	/api/users	http://localhost:3000
20220910	02:04:52	c6425636-1f39-49b9-a2ca-c1939a3ea2fa	POST	/api/users	http://localhost:3000
20220910	02:04:52	fb4342f0-ef1c-461c-9e7d-6aeda8faffa8	POST	/api/users	http://localhost:3000
20220910	02:04:52	5bc4aa4e-9d93-4300-8d83-b91034f16133	POST	/api/users	http://localhost:3000
20220910	02:04:52	04454cbc-eb94-4805-848b-fb9ac4eff1b9	POST	/api/users	http://localhost:3000
20220910	02:04:53	9498075e-46f2-4ffb-a834-67fa7be460e4	POST	/api/users	http://localhost:3000
20220910	02:04:53	32f70d4f-1dcd-4eb4-bed7-8b8287f392ad	POST	/api/users	http://localhost:3000
20220910	02:06:26	394c6565-da97-43f3-8bdc-0bcd2e3b9852	OPTIONS	/api/users	http://localhost:3000
20220910	02:06:26	2b0fc712-c406-4692-811a-653313373594	POST	/api/users	http://localhost:3000
20220910	02:06:26	6e4105b0-43a2-4fd0-9090-2c6321f195cc	POST	/api/users	http://localhost:3000
20220910	02:06:26	517f12ef-1cad-4d60-abbd-5696da6d632a	POST	/api/users	http://localhost:3000
20220910	02:06:26	b93dd58c-29f7-4854-a2f3-e8c08b2a47d6	POST	/api/users	http://localhost:3000
20220910	02:06:26	851f5980-7cd2-4b1f-9330-30d72c64901d	POST	/api/users	http://localhost:3000
20220910	02:06:26	906ee4f0-2e98-491d-90fe-191fa3101e51	POST	/api/users	http://localhost:3000
20220910	02:06:27	3119d836-3434-4e22-ad56-069dae75aff9	POST	/api/users	http://localhost:3000
20220910	02:06:27	78b2531b-de85-41e9-9790-6a32b4ef1125	POST	/api/users	http://localhost:3000
20220910	02:06:37	359bde65-f883-4699-b429-aaa5094bf10b	GET	/api/users	undefined
20220910	02:19:14	f7ec0949-89c1-4447-8130-21f78e941cd7	GET	/css/error.css	undefined
20220910	02:19:19	46a5aa57-fcef-4757-8806-576f427bfd0c	GET	/users	undefined
20220910	02:19:19	80a196cb-4907-45bd-99db-3683b4ba92c2	GET	/css/error.css	undefined
20220910	02:19:25	cdb36c0f-7654-4bbb-9bb8-b41f39e225f4	GET	/api/users	undefined
20220910	02:20:08	c1d570e8-f867-4745-8d44-4aa70245f104	GET	/api/users	undefined
